Build started 11/13/2019 10:05:21 PM.
     1>Project "C:\Users\drfre\Documents\GitHub\MyMod\src\utils\height2normal\height2normal-2005.vcxproj" on node 3 (Build target(s)).
     1>ClCompile:
         C:\Program Files (x86)\Microsoft Visual Studio 12.0\VC\bin\CL.exe /c /I..\..\common /I..\..\public /I..\..\public\tier0 /I..\..\public\tier1 /I..\common /Zi /nologo /W4 /WX- /O2 /Ob2 /Oi /Ot /Oy- /D _DEBUG /D _WIN32 /D _CONSOLE /D _MBCS /GF /Gm- /MT /GS- /Gy /fp:fast /Zc:wchar_t /Zc:forScope /GR /openmp- /Fo".\Release\\" /Fd".\Release\vc120.pdb" /Gd /TP /analyze- /errorReport:prompt height2normal.cpp
         height2normal.cpp
       Link:
         C:\Program Files (x86)\Microsoft Visual Studio 12.0\VC\bin\link.exe /ERRORREPORT:PROMPT /OUT:".\Release\height2normal.exe" /INCREMENTAL:NO /NOLOGO kernel32.lib user32.lib gdi32.lib winspool.lib comdlg32.lib advapi32.lib shell32.lib ole32.lib oleaut32.lib uuid.lib odbc32.lib odbccp32.lib /NODEFAULTLIB:libc /NODEFAULTLIB:libcd /NODEFAULTLIB:libcmtd /MANIFEST:NO /DEBUG /PDB:".\Release\Height2normal.pdb" /MAP:".\Release\Height2normal.map" /SUBSYSTEM:CONSOLE /OPT:REF /OPT:ICF /TLBID:1 /DYNAMICBASE /NXCOMPAT /IMPLIB:".\Release\Height2normal.lib" /MACHINE:X86 /SAFESEH .\Release\height2normal.obj
         ..\..\lib\public\bitmap.lib
         ..\..\lib\public\mathlib.lib
         ..\..\lib\public\tier0.lib
         ..\..\lib\public\tier1.lib
         ..\..\lib\public\tier2.lib
         ..\..\lib\public\vstdlib.lib
         C:\Users\drfre\Documents\GitHub\MyMod\src\lib\public\mathlib.lib
         C:\Users\drfre\Documents\GitHub\MyMod\src\lib\public\tier1.lib
     1>bitmap.lib(S3_intrf.obj) : error LNK2026: module unsafe for SAFESEH image.
     1>bitmap.lib(S3_quant.obj) : error LNK2026: module unsafe for SAFESEH image.
            Creating library .\Release\Height2normal.lib and object .\Release\Height2normal.exp
     1>.\Release\height2normal.exe : fatal error LNK1281: Unable to generate SAFESEH image.
     1>Done Building Project "C:\Users\drfre\Documents\GitHub\MyMod\src\utils\height2normal\height2normal-2005.vcxproj" (Build target(s)) -- FAILED.

Build FAILED.

Time Elapsed 00:00:05.80
